This is pdfTeX, Version 3.14159265-2.6-1.40.20 (TeX Live 2019/Debian) (preloaded format=pdflatex 2021.7.14)  26 JUL 2022 12:00
entering extended mode
 restricted \write18 enabled.
 file:line:error style messages enabled.
 %&-line parsing enabled.
**/home/robin/fun/maths/old/notes.tex
(/home/robin/fun/maths/old/notes.tex
LaTeX2e <2020-02-02> patch level 2
L3 programming layer <2020-02-14> (/usr/share/texlive/texmf-dist/tex/latex/base/report.cls
Document Class: report 2019/12/20 v1.4l Standard LaTeX document class
(/usr/share/texlive/texmf-dist/tex/latex/base/size10.clo
File: size10.clo 2019/12/20 v1.4l Standard LaTeX file (size option)
)
\c@part=\count167
\c@chapter=\count168
\c@section=\count169
\c@subsection=\count170
\c@subsubsection=\count171
\c@paragraph=\count172
\c@subparagraph=\count173
\c@figure=\count174
\c@table=\count175
\abovecaptionskip=\skip47
\belowcaptionskip=\skip48
\bibindent=\dimen134
) (/usr/share/texlive/texmf-dist/tex/latex/amsmath/amsmath.sty
Package: amsmath 2020/01/20 v2.17e AMS math features
\@mathmargin=\skip49

For additional information on amsmath, use the `?' option.
(/usr/share/texlive/texmf-dist/tex/latex/amsmath/amstext.sty
Package: amstext 2000/06/29 v2.01 AMS text
 (/usr/share/texlive/texmf-dist/tex/latex/amsmath/amsgen.sty
File: amsgen.sty 1999/11/30 v2.0 generic functions
\@emptytoks=\toks14
\ex@=\dimen135
)) (/usr/share/texlive/texmf-dist/tex/latex/amsmath/amsbsy.sty
Package: amsbsy 1999/11/29 v1.2d Bold Symbols
\pmbraise@=\dimen136
) (/usr/share/texlive/texmf-dist/tex/latex/amsmath/amsopn.sty
Package: amsopn 2016/03/08 v2.02 operator names
)
\inf@bad=\count176
LaTeX Info: Redefining \frac on input line 227.
\uproot@=\count177
\leftroot@=\count178
LaTeX Info: Redefining \overline on input line 389.
\classnum@=\count179
\DOTSCASE@=\count180
LaTeX Info: Redefining \ldots on input line 486.
LaTeX Info: Redefining \dots on input line 489.
LaTeX Info: Redefining \cdots on input line 610.
\Mathstrutbox@=\box45
\strutbox@=\box46
\big@size=\dimen137
LaTeX Font Info:    Redeclaring font encoding OML on input line 733.
LaTeX Font Info:    Redeclaring font encoding OMS on input line 734.
\macc@depth=\count181
\c@MaxMatrixCols=\count182
\dotsspace@=\muskip16
\c@parentequation=\count183
\dspbrk@lvl=\count184
\tag@help=\toks15
\row@=\count185
\column@=\count186
\maxfields@=\count187
\andhelp@=\toks16
\eqnshift@=\dimen138
\alignsep@=\dimen139
\tagshift@=\dimen140
\tagwidth@=\dimen141
\totwidth@=\dimen142
\lineht@=\dimen143
\@envbody=\toks17
\multlinegap=\skip50
\multlinetaggap=\skip51
\mathdisplay@stack=\toks18
LaTeX Info: Redefining \[ on input line 2859.
LaTeX Info: Redefining \] on input line 2860.
) (/usr/share/texlive/texmf-dist/tex/latex/amsfonts/amssymb.sty
Package: amssymb 2013/01/14 v3.01 AMS font symbols
 (/usr/share/texlive/texmf-dist/tex/latex/amsfonts/amsfonts.sty
Package: amsfonts 2013/01/14 v3.01 Basic AMSFonts support
\symAMSa=\mathgroup4
\symAMSb=\mathgroup5
LaTeX Font Info:    Redeclaring math symbol \hbar on input line 98.
LaTeX Font Info:    Overwriting math alphabet `\mathfrak' in version `bold'
(Font)                  U/euf/m/n --> U/euf/b/n on input line 106.
)) (/usr/share/texlive/texmf-dist/tex/latex/amscls/amsthm.sty
Package: amsthm 2017/10/31 v2.20.4
\thm@style=\toks19
\thm@bodyfont=\toks20
\thm@headfont=\toks21
\thm@notefont=\toks22
\thm@headpunct=\toks23
\thm@preskip=\skip52
\thm@postskip=\skip53
\thm@headsep=\skip54
\dth@everypar=\toks24
) (/usr/share/texlive/texmf-dist/tex/latex/hyperref/hyperref.sty
Package: hyperref 2020/01/14 v7.00d Hypertext links for LaTeX
 (/usr/share/texlive/texmf-dist/tex/generic/ltxcmds/ltxcmds.sty
Package: ltxcmds 2019/12/15 v1.24 LaTeX kernel commands for general use (HO)
) (/usr/share/texlive/texmf-dist/tex/generic/iftex/iftex.sty
Package: iftex 2019/11/07 v1.0c TeX engine tests
) (/usr/share/texlive/texmf-dist/tex/latex/pdftexcmds/pdftexcmds.sty
Package: pdftexcmds 2019/11/24 v0.31 Utility functions of pdfTeX for LuaTeX (HO)
 (/usr/share/texlive/texmf-dist/tex/generic/infwarerr/infwarerr.sty
Package: infwarerr 2019/12/03 v1.5 Providing info/warning/error messages (HO)
)
Package pdftexcmds Info: \pdf@primitive is available.
Package pdftexcmds Info: \pdf@ifprimitive is available.
Package pdftexcmds Info: \pdfdraftmode found.
) (/usr/share/texlive/texmf-dist/tex/latex/graphics/keyval.sty
Package: keyval 2014/10/28 v1.15 key=value parser (DPC)
\KV@toks@=\toks25
) (/usr/share/texlive/texmf-dist/tex/generic/kvsetkeys/kvsetkeys.sty
Package: kvsetkeys 2019/12/15 v1.18 Key value parser (HO)
) (/usr/share/texlive/texmf-dist/tex/generic/kvdefinekeys/kvdefinekeys.sty
Package: kvdefinekeys 2019-12-19 v1.6 Define keys (HO)
) (/usr/share/texlive/texmf-dist/tex/generic/pdfescape/pdfescape.sty
Package: pdfescape 2019/12/09 v1.15 Implements pdfTeX's escape features (HO)
) (/usr/share/texlive/texmf-dist/tex/latex/hycolor/hycolor.sty
Package: hycolor 2020-01-27 v1.10 Color options for hyperref/bookmark (HO)
) (/usr/share/texlive/texmf-dist/tex/latex/letltxmacro/letltxmacro.sty
Package: letltxmacro 2019/12/03 v1.6 Let assignment for LaTeX macros (HO)
) (/usr/share/texlive/texmf-dist/tex/latex/auxhook/auxhook.sty
Package: auxhook 2019-12-17 v1.6 Hooks for auxiliary files (HO)
) (/usr/share/texlive/texmf-dist/tex/latex/kvoptions/kvoptions.sty
Package: kvoptions 2019/11/29 v3.13 Key value format for package options (HO)
)
\@linkdim=\dimen144
\Hy@linkcounter=\count188
\Hy@pagecounter=\count189
 (/usr/share/texlive/texmf-dist/tex/latex/hyperref/pd1enc.def
File: pd1enc.def 2020/01/14 v7.00d Hyperref: PDFDocEncoding definition (HO)
Now handling font encoding PD1 ...
... no UTF-8 mapping file for font encoding PD1
) (/usr/share/texlive/texmf-dist/tex/generic/intcalc/intcalc.sty
Package: intcalc 2019/12/15 v1.3 Expandable calculations with integers (HO)
) (/usr/share/texlive/texmf-dist/tex/generic/etexcmds/etexcmds.sty
Package: etexcmds 2019/12/15 v1.7 Avoid name clashes with e-TeX commands (HO)
)
\Hy@SavedSpaceFactor=\count190
\pdfmajorversion=\count191
Package hyperref Info: Hyper figures OFF on input line 4547.
Package hyperref Info: Link nesting OFF on input line 4552.
Package hyperref Info: Hyper index ON on input line 4555.
Package hyperref Info: Plain pages OFF on input line 4562.
Package hyperref Info: Backreferencing OFF on input line 4567.
Package hyperref Info: Implicit mode ON; LaTeX internals redefined.
Package hyperref Info: Bookmarks ON on input line 4800.
\c@Hy@tempcnt=\count192
 (/usr/share/texlive/texmf-dist/tex/latex/url/url.sty
\Urlmuskip=\muskip17
Package: url 2013/09/16  ver 3.4  Verb mode for urls, etc.
)
LaTeX Info: Redefining \url on input line 5159.
\XeTeXLinkMargin=\dimen145
 (/usr/share/texlive/texmf-dist/tex/generic/bitset/bitset.sty
Package: bitset 2019/12/09 v1.3 Handle bit-vector datatype (HO)
 (/usr/share/texlive/texmf-dist/tex/generic/bigintcalc/bigintcalc.sty
Package: bigintcalc 2019/12/15 v1.5 Expandable calculations on big integers (HO)
))
\Fld@menulength=\count193
\Field@Width=\dimen146
\Fld@charsize=\dimen147
Package hyperref Info: Hyper figures OFF on input line 6430.
Package hyperref Info: Link nesting OFF on input line 6435.
Package hyperref Info: Hyper index ON on input line 6438.
Package hyperref Info: backreferencing OFF on input line 6445.
Package hyperref Info: Link coloring OFF on input line 6450.
Package hyperref Info: Link coloring with OCG OFF on input line 6455.
Package hyperref Info: PDF/A mode OFF on input line 6460.
LaTeX Info: Redefining \ref on input line 6500.
LaTeX Info: Redefining \pageref on input line 6504.
 (/usr/share/texlive/texmf-dist/tex/generic/atbegshi/atbegshi.sty
Package: atbegshi 2019/12/05 v1.19 At begin shipout hook (HO)
)
\Hy@abspage=\count194
\c@Item=\count195
\c@Hfootnote=\count196
)
Package hyperref Info: Driver (autodetected): hpdftex.
 (/usr/share/texlive/texmf-dist/tex/latex/hyperref/hpdftex.def
File: hpdftex.def 2020/01/14 v7.00d Hyperref driver for pdfTeX
 (/usr/share/texlive/texmf-dist/tex/latex/atveryend/atveryend.sty
Package: atveryend 2019-12-11 v1.11 Hooks at the very end of document (HO)
Package atveryend Info: \enddocument detected (standard20110627).
)
\Fld@listcount=\count197
\c@bookmark@seq@number=\count198
 (/usr/share/texlive/texmf-dist/tex/latex/rerunfilecheck/rerunfilecheck.sty
Package: rerunfilecheck 2019/12/05 v1.9 Rerun checks for auxiliary files (HO)
 (/usr/share/texlive/texmf-dist/tex/generic/uniquecounter/uniquecounter.sty
Package: uniquecounter 2019/12/15 v1.4 Provide unlimited unique counter (HO)
)
Package uniquecounter Info: New unique counter `rerunfilecheck' on input line 286.
)
\Hy@SectionHShift=\skip55
) (/usr/share/texmf/tex/latex/pf2/pf2.sty
\pfindent=\skip56
\c@@vectorctr=\count199
\@veclen=\skip57
\pfbox=\box47
\c@pfhidelevel=\count266
\pfshortNumberLevel=\count267
\c@pf@sidenumberdepth=\count268
\pf@sidenumberoutdent=\skip58
\pfLevelCount=\count269
\pfStepCount=\count270
\pf@outdent=\skip59
\@temppflen=\skip60
\@proveindent=\skip61
\c@pf@conjCounter=\count271
\c@pfenum=\count272
\c@pfenumdepth=\count273
\pfenumindent=\skip62
\c@pfenumi=\count274
\c@pfenumii=\count275
\c@pfenumiii=\count276
)
\c@lemma=\count277
\c@corollary=\count278
 (/usr/share/texlive/texmf-dist/tex/latex/l3backend/l3backend-pdfmode.def
File: l3backend-pdfmode.def 2020-02-03 L3 backend support: PDF mode
\l__kernel_color_stack_int=\count279
\l__pdf_internal_box=\box48
) (/home/robin/fun/maths/old/notes.aux (/home/robin/fun/maths/old/set.aux) (/home/robin/fun/maths/old/order.aux) (/home/robin/fun/maths/old/number.aux) (/home/robin/fun/maths/old/analysis.aux) (/home/robin/fun/maths/old/group.aux) (/home/robin/fun/maths/old/topology.aux) (/home/robin/fun/maths/old/metric.aux))
\openout1 = `notes.aux'.

LaTeX Font Info:    Checking defaults for OML/cmm/m/it on input line 61.
LaTeX Font Info:    ... okay on input line 61.
LaTeX Font Info:    Checking defaults for OMS/cmsy/m/n on input line 61.
LaTeX Font Info:    ... okay on input line 61.
LaTeX Font Info:    Checking defaults for OT1/cmr/m/n on input line 61.
LaTeX Font Info:    ... okay on input line 61.
LaTeX Font Info:    Checking defaults for T1/cmr/m/n on input line 61.
LaTeX Font Info:    ... okay on input line 61.
LaTeX Font Info:    Checking defaults for TS1/cmr/m/n on input line 61.
LaTeX Font Info:    ... okay on input line 61.
LaTeX Font Info:    Checking defaults for OMX/cmex/m/n on input line 61.
LaTeX Font Info:    ... okay on input line 61.
LaTeX Font Info:    Checking defaults for U/cmr/m/n on input line 61.
LaTeX Font Info:    ... okay on input line 61.
LaTeX Font Info:    Checking defaults for PD1/pdf/m/n on input line 61.
LaTeX Font Info:    ... okay on input line 61.
\AtBeginShipoutBox=\box49
Package hyperref Info: Link coloring OFF on input line 61.
 (/usr/share/texlive/texmf-dist/tex/latex/hyperref/nameref.sty
Package: nameref 2019/09/16 v2.46 Cross-referencing by name of section
 (/usr/share/texlive/texmf-dist/tex/latex/refcount/refcount.sty
Package: refcount 2019/12/15 v3.6 Data extraction from label references (HO)
) (/usr/share/texlive/texmf-dist/tex/generic/gettitlestring/gettitlestring.sty
Package: gettitlestring 2019/12/15 v1.6 Cleanup title references (HO)
)
\c@section@level=\count280
)
LaTeX Info: Redefining \ref on input line 61.
LaTeX Info: Redefining \pageref on input line 61.
LaTeX Info: Redefining \nameref on input line 61.
 (/home/robin/fun/maths/old/notes.out) (/home/robin/fun/maths/old/notes.out)
\@outlinefile=\write3
\openout3 = `notes.out'.

LaTeX Font Info:    Trying to load font information for U+msa on input line 63.
 (/usr/share/texlive/texmf-dist/tex/latex/amsfonts/umsa.fd
File: umsa.fd 2013/01/14 v3.01 AMS symbols A
)
LaTeX Font Info:    Trying to load font information for U+msb on input line 63.
 (/usr/share/texlive/texmf-dist/tex/latex/amsfonts/umsb.fd
File: umsb.fd 2013/01/14 v3.01 AMS symbols B
) [1

{/var/lib/texmf/fonts/map/pdftex/updmap/pdftex.map}] (/home/robin/fun/maths/old/notes.tocpdfTeX warning (ext4): destination with the same identifier (name{page.1}) has been already used, duplicate ignored
<to be read again> 
                   \relax 
l.34 ...\numberline {3.7}Inverse}{16}{section.3.7}
                                                  % [1

] [2] [3] [4] [5])
\tf@toc=\write4
\openout4 = `notes.toc'.

 [6] [7

]
\openout2 = `set.aux'.

 (/home/robin/fun/maths/old/set.tex
Chapter 1.
[8


] [9]
Chapter 2.
[10

]
Overfull \hbox (3.31049pt too wide) in paragraph at lines 176--179
[]\OT1/cmr/bx/n/10 Axiom Schema 2.7.1 \OT1/cmr/m/n/10 (Sub-set Ax-ioms, Aus-son-derung Ax-ioms)\OT1/cmr/bx/n/10 . \OT1/cmr/m/it/10 For any classes
 []

[11] [12] [13]
Chapter 3.
[14

] [15] [16] [17] [18] [19] [20] [21]
WARNING: proof step "2" (<1>3) already defined
[22]
Chapter 4.
[23

] [24]
Overfull \hbox (13.68341pt too wide) in paragraph at lines 1105--1107
[]\OT1/cmr/bx/n/10 Theorem 4.3.3. \OT1/cmr/m/it/10 Let $\OT1/cmr/bx/n/10 F$ \OT1/cmr/m/it/10 be a one-to-one func-tion and $\OML/cmm/m/it/10 y \OMS/cmsy/m/n/10 2 [] \OT1/cmr/bx/n/10 F$\OT1/cmr/m/it/10 . Then $\OT1/cmr/bx/n/10 F\OT1/cmr/m/n/10 (\OT1/cmr/bx/n/10 F[]\OT1/cmr/m/n/10 (\OML/cmm/m/it/10 y\OT1/cmr/m/n/10 )) =
 []

[25] [26] [27]
WARNING: proof step "d" (<2>5) already defined
[28] [29] [30]
Chapter 5.
[31

]) [32]
\openout2 = `order.aux'.

 (/home/robin/fun/maths/old/order.tex [33


] [34] [35] [36]
WARNING: proof step "1" (<2>2) already defined

LaTeX Warning: Reference `lemma:choice_function' on page 37 undefined on input line 394.

[37]
WARNING: proof step "a" (<3>1) already defined
WARNING: proof step "b" (<3>2) already defined
WARNING: proof step "c" (<3>3) already defined
WARNING: proof step "d" (<3>4) already defined
[38]
WARNING: proof step "e" (<3>5) already defined
WARNING: proof step "f" (<3>6) already defined
WARNING: proof step "b" (<2>3) already defined
[39] [40] [41] [42]
Overfull \hbox (50.61745pt too wide) in paragraph at lines 772--772
[]$\OMS/cmsy/m/n/10 H \OT1/cmr/m/n/10 = \OMS/cmsy/m/n/10 f;g [ f\OML/cmm/m/it/10 f \OMS/cmsy/m/n/10 j 9\OML/cmm/m/it/10 A \OMS/cmsy/m/n/10 ^^R \OML/cmm/m/it/10 B:A[]\OMS/cmsy/m/n/10 g$ 
 []

[43] [44] [45] [46] [47]) [48]
\openout2 = `number.aux'.

 (/home/robin/fun/maths/old/number.tex
Chapter 6.

Overfull \hbox (6.92381pt too wide) in paragraph at lines 46--47
[]\OT1/cmr/bx/n/10 Definition 6.3.1 \OT1/cmr/m/n/10 (Nat-u-ral Num-ber (Ex-ten-sion-al-ity, Empty Set, Pair-ing, Union))\OT1/cmr/bx/n/10 .
 []

[49



] [50]
WARNING: proof step "1" (<2>1) already defined
WARNING: proof step "2" (<2>2) already defined
[51] [52] [53]
Chapter 7.
[54

] [55]
Chapter 8.
[56

] [57]
Chapter 9.
[58

] [59]
Chapter 10.
[60

] [61]) [62]
\openout2 = `analysis.aux'.

 (/home/robin/fun/maths/old/analysis.tex) [63


]
\openout2 = `group.aux'.

 (/home/robin/fun/maths/old/group.tex) [64


]
\openout2 = `topology.aux'.

 (/home/robin/fun/maths/old/topology.tex
Chapter 11.
[65



] [66] [67] [68] [69] [70] [71] [72] [73] [74] [75] [76]
WARNING: proof step "1" (<2>1) already defined
WARNING: proof step "2" (<2>2) already defined
[77] [78] [79] [80]

LaTeX Warning: Reference `theorem:closure_neighbourhood' on page 81 undefined on input line 1274.


LaTeX Warning: Reference `theorem:closure_neighbourhood' on page 81 undefined on input line 1279.

[81]

LaTeX Warning: Reference `lemma:open' on page 82 undefined on input line 1322.

[82] [83]
WARNING: proof step "1" (<2>5) already defined
[84] [85] [86] [87] [88] [89] [90] [91]

LaTeX Warning: Reference `lemma:closure_subset' on page 92 undefined on input line 2066.


LaTeX Warning: Reference `theorem:closure_neighbourhood' on page 92 undefined on input line 2095.

[92]

LaTeX Warning: Reference `theorem:closure_neighbourhood' on page 93 undefined on input line 2119.

[93] [94] [95] [96]
WARNING: proof step "2" (<2>2) already defined
[97] [98] [99]

LaTeX Warning: Reference `lemma:closure_subset' on page 100 undefined on input line 2663.


LaTeX Warning: Reference `theorem:closure_neighbourhood' on page 100 undefined on input line 2678.

[100]

Package hyperref Warning: Token not allowed in a PDF string (PDFDocEncoding):
(hyperref)                removing `math shift' on input line 2738.


Package hyperref Warning: Token not allowed in a PDF string (PDFDocEncoding):
(hyperref)                removing `subscript' on input line 2738.


Package hyperref Warning: Token not allowed in a PDF string (PDFDocEncoding):
(hyperref)                removing `math shift' on input line 2738.

[101] [102]

LaTeX Warning: Reference `theorem:closure_neighbourhood' on page 103 undefined on input line 2846.

[103]
Overfull \hbox (2.27855pt too wide) in paragraph at lines 2934--2936
[]\OT1/cmr/bx/n/10 Corollary 11.22.7.1. \OT1/cmr/m/it/10 For any fam-ily of nonempty spaces $\OMS/cmsy/m/n/10 f\OML/cmm/m/it/10 X[]\OMS/cmsy/m/n/10 g[]$\OT1/cmr/m/it/10 , if $[][] \OML/cmm/m/it/10 X[]$
 []

[104]
WARNING: proof step "5" (<1>6) already defined
[105] [106] [107] [108] [109] [110] [111] [112]
WARNING: proof step "b" (<2>2) already defined
[113]
WARNING: proof step "3" (<1>8) already defined
[114] [115]
WARNING: proof step "7a" (<1>9) already defined
[116] [117]
Overfull \hbox (2.27855pt too wide) in paragraph at lines 3919--3921
[]\OT1/cmr/bx/n/10 Corollary 11.31.4.1. \OT1/cmr/m/it/10 For any fam-ily of nonempty spaces $\OMS/cmsy/m/n/10 f\OML/cmm/m/it/10 X[]\OMS/cmsy/m/n/10 g[]$\OT1/cmr/m/it/10 , if $[][] \OML/cmm/m/it/10 X[]$
 []

[118] [119] [120] [121]
WARNING: proof step "3" (<2>1) already defined
[122] [123] [124] [125] [126]
WARNING: proof step "1" (<3>6) already defined
WARNING: proof step "2" (<3>7) already defined
WARNING: proof step "3" (<3>8) already defined
WARNING: proof step "4" (<3>9) already defined
WARNING: proof step "5" (<3>10) already defined
WARNING: proof step "6" (<3>11) already defined
WARNING: proof step "7" (<3>12) already defined
WARNING: proof step "8" (<3>13) already defined
WARNING: proof step "9a" (<3>14) already defined
WARNING: proof step "9" (<3>15) already defined
WARNING: proof step "a" (<4>1) already defined
WARNING: proof step "b" (<4>2) already defined
WARNING: proof step "10" (<3>16) already defined
WARNING: proof step "a" (<4>1) already defined
WARNING: proof step "b" (<4>2) already defined
WARNING: proof step "c" (<4>3) already defined
WARNING: proof step "d" (<4>4) already defined
WARNING: proof step "b" (<3>3) already defined
[127] [128]
WARNING: proof step "3" (<1>4) already defined
[129] [130] [131] [132] [133]
WARNING: proof step "4" (<1>5) already defined
[134]
WARNING: proof step "ii" (<2>3) already defined
[135]
Overfull \hbox (12.83513pt too wide) in paragraph at lines 5343--5346
[]\OT1/cmr/m/sc/10 Proof\OT1/cmr/m/n/10 : For $\OML/cmm/m/it/10 a \OMS/cmsy/m/n/10 2 \OML/cmm/m/it/10 X$\OT1/cmr/m/n/10 , the $\OMS/cmsy/m/n/10 ^^X$\OT1/cmr/m/n/10 -equivalence class of $\OML/cmm/m/it/10 a$ \OT1/cmr/m/n/10 is $[]\OMS/cmsy/m/n/10 f\OML/cmm/m/it/10 A \OMS/cmsy/m/n/10 ^^R \OML/cmm/m/it/10 X \OMS/cmsy/m/n/10 j \OML/cmm/m/it/10 A[]; a \OMS/cmsy/m/n/10 2
 []

[136]

LaTeX Warning: Reference `lemma:closure_closed' on page 137 undefined on input line 5394.

[137] [138]

LaTeX Warning: Reference `lemma:open' on page 139 undefined on input line 5586.

[139] [140] [141]
Overfull \hbox (1.64685pt too wide) in paragraph at lines 5761--5763
[]\OT1/cmr/m/n/10 The space $\OML/cmm/m/it/10 X$ \OT1/cmr/m/n/10 is \OT1/cmr/m/it/10 lo-cally path-connected \OT1/cmr/m/n/10 if and only if it is lo-cally path-connected
 []

[142]

LaTeX Warning: Reference `lemma:open' on page 143 undefined on input line 5837.

[143] [144]

LaTeX Warning: Reference `lemma:open' on page 145 undefined on input line 6000.

[145] [146]
Overfull \hbox (6.25055pt too wide) in paragraph at lines 6117--6118
[]\OT1/cmr/m/n/10 Any set of closed sets with the count-able in-ter-sec-tion prop-erty has nonempty
 []

[147] [148] [149] [150] [151] [152] [153] [154] [155]
WARNING: proof step "3" (<1>4) already defined
[156] [157] [158] [159] [160] [161] [162] [163]

LaTeX Warning: Reference `lemma:open' on page 164 undefined on input line 7335.

[164]
WARNING: proof step "b" (<2>3) already defined
[165] [166]

LaTeX Warning: Reference `proposition:countable_subset' on page 167 undefined on input line 7541.

[167] [168]
WARNING: proof step "g" (<2>8) already defined
[169]

LaTeX Warning: Reference `proposition:countable_subset' on page 170 undefined on input line 7772.

[170]
WARNING: proof step "5" (<1>6) already defined
[171] [172] [173] [174] [175]
Overfull \hbox (6.31589pt too wide) in paragraph at lines 8211--8211
[]\OT1/cmr/m/sc/10 Pick \OT1/cmr/m/n/10 neigh-bour-hoods $\OML/cmm/m/it/10 V[]$ \OT1/cmr/m/n/10 and $\OML/cmm/m/it/10 V[]$ \OT1/cmr/m/n/10 of $\OML/cmm/m/it/10 y$ \OT1/cmr/m/n/10 and $\OML/cmm/m/it/10 y[]$ \OT1/cmr/m/n/10 re-spec-tively such that $\OML/cmm/m/it/10 p[]\OT1/cmr/m/n/10 (\OML/cmm/m/it/10 V[]\OT1/cmr/m/n/10 ) \OMS/cmsy/m/n/10 ^^R
 []

[176] [177] [178] [179] [180] [181]
WARNING: proof step "1" (<2>1) already defined

Overfull \hbox (12.11667pt too wide) in paragraph at lines 8631--8634
[]\OT1/cmr/bx/n/10 Example 11.56.14. \OT1/cmr/m/n/10 Pick an enu-mer-a-tion $\OMS/cmsy/m/n/10 f\OML/cmm/m/it/10 q[]; q[]; []\OMS/cmsy/m/n/10 g$ \OT1/cmr/m/n/10 of $\U/msb/m/n/10 Q$\OT1/cmr/m/n/10 . Let $\OML/cmm/m/it/10 X \OT1/cmr/m/n/10 = [][](\OML/cmm/m/it/10 n; n \OT1/cmr/m/n/10 +
 []

[182] [183] [184] [185] [186]
Overfull \hbox (0.93742pt too wide) in paragraph at lines 9013--9016
[]\OT1/cmr/bx/n/10 Definition 11.57.11 \OT1/cmr/m/n/10 (In-duced Com-pact-i-fi-ca-tion)\OT1/cmr/bx/n/10 . \OT1/cmr/m/n/10 Let $\OML/cmm/m/it/10 X$ \OT1/cmr/m/n/10 be a topo-log-i-cal space.
 []

[187]
WARNING: proof step "4" (<1>5) already defined
[188] [189] [190] [191]

Package hyperref Warning: Token not allowed in a PDF string (PDFDocEncoding):
(hyperref)                removing `math shift' on input line 9343.


Package hyperref Warning: Token not allowed in a PDF string (PDFDocEncoding):
(hyperref)                removing `subscript' on input line 9343.


Package hyperref Warning: Token not allowed in a PDF string (PDFDocEncoding):
(hyperref)                removing `\delta' on input line 9343.


Package hyperref Warning: Token not allowed in a PDF string (PDFDocEncoding):
(hyperref)                removing `math shift' on input line 9343.

[192]
Overfull \hbox (2.0208pt too wide) in paragraph at lines 9376--9380
[]\OT1/cmr/bx/n/10 Definition 11.59.1 \OT1/cmr/m/n/10 (Sep-a-rated by a Con-tin-u-ous Func-tion)\OT1/cmr/bx/n/10 . \OT1/cmr/m/n/10 Let $\OML/cmm/m/it/10 X$ \OT1/cmr/m/n/10 be a topoloci-
 []

WARNING: proof step "2" undefined
[193] [194]
Overfull \hbox (80.58759pt too wide) detected at line 9532
\OML/cmm/m/it/10 C[] \OT1/cmr/m/n/10 = (\OMS/cmsy/m/n/10 f\OML/cmm/m/it/10 n \OT1/cmr/m/n/10 + 1 \OMS/cmsy/m/n/10 ^^@ \OT1/cmr/m/n/10 1\OML/cmm/m/it/10 =k\OMS/cmsy/m/n/10 g ^^B \OT1/cmr/m/n/10 [\OMS/cmsy/m/n/10 ^^@\OT1/cmr/m/n/10 1\OML/cmm/m/it/10 ; \OT1/cmr/m/n/10 0]) \OMS/cmsy/m/n/10 [ \OT1/cmr/m/n/10 (\OMS/cmsy/m/n/10 f\OML/cmm/m/it/10 n \OMS/cmsy/m/n/10 ^^@ \OT1/cmr/m/n/10 1 + 1\OML/cmm/m/it/10 =k\OMS/cmsy/m/n/10 g ^^B \OT1/cmr/m/n/10 [\OMS/cmsy/m/n/10 ^^@\OT1/cmr/m/n/10 1\OML/cmm/m/it/10 ; \OT1/cmr/m/n/10 0]) \OMS/cmsy/m/n/10 [ f\OT1/cmr/m/n/10 (\OML/cmm/m/it/10 x; y\OT1/cmr/m/n/10 ) \OMS/cmsy/m/n/10 j \OT1/cmr/m/n/10 (\OML/cmm/m/it/10 x \OMS/cmsy/m/n/10 ^^@ \OML/cmm/m/it/10 n\OT1/cmr/m/n/10 )[] + \OML/cmm/m/it/10 y[] \OT1/cmr/m/n/10 = (1 \OMS/cmsy/m/n/10 ^^@ \OT1/cmr/m/n/10 1\OML/cmm/m/it/10 =k\OT1/cmr/m/n/10 )[][]\OML/cmm/m/it/10 y \OMS/cmsy/m/n/10 ^^U \OT1/cmr/m/n/10 0\OMS/cmsy/m/n/10 g
 []

WARNING: proof step "1" (<2>1) already defined
[195]
WARNING: proof step "b" (<3>3) already defined
WARNING: proof step "b" (<3>4) already defined
WARNING: proof step "a" (<3>5) already defined
WARNING: proof step "b" (<3>6) already defined
WARNING: proof step "b" (<3>7) already defined
WARNING: proof step "a" (<3>8) already defined
WARNING: proof step "b" (<3>9) already defined
WARNING: proof step "a" (<3>10) already defined
[196]
WARNING: proof step "ii" (<3>3) already defined
[197] [198] [199]
WARNING: proof step "a" (<2>1) already defined
WARNING: proof step "b" (<2>2) already defined
WARNING: proof step "c" (<2>3) already defined
WARNING: proof step "d" (<2>4) already defined
WARNING: proof step "e" (<2>5) already defined
WARNING: proof step "f" (<2>6) already defined
[200] [201]
Overfull \hbox (9.67767pt too wide) in paragraph at lines 10112--10114
[]\OT1/cmr/bx/n/10 Corollary 11.62.11.1. \OT1/cmr/m/it/10 Let $\OMS/cmsy/m/n/10 f\OML/cmm/m/it/10 X[]\OMS/cmsy/m/n/10 g[]$ \OT1/cmr/m/it/10 be a fam-ily of nonempty spaces. If $[][] \OML/cmm/m/it/10 X[]$
 []

[202]
Overfull \hbox (88.78862pt too wide) in paragraph at lines 10169--10169
[]\OT1/cmr/m/sc/10 Pick \OT1/cmr/m/n/10 se-quences $(\OML/cmm/m/it/10 []\OT1/cmr/m/n/10 )$ and $(\OML/cmm/m/it/10 n[]\OT1/cmr/m/n/10 )$ such that, for all $\OML/cmm/m/it/10 i$\OT1/cmr/m/n/10 , we have $\OML/cmm/m/it/10 U\OT1/cmr/m/n/10 (\OML/cmm/m/it/10 x[]\OT1/cmr/m/n/10 ((\OML/cmm/m/it/10 []\OT1/cmr/m/n/10 )\OML/cmm/m/it/10 ; \OT1/cmr/m/n/10 (\OML/cmm/m/it/10 n[]\OT1/cmr/m/n/10 ))\OML/cmm/m/it/10 ; B[]\OT1/cmr/m/n/10 ((\OML/cmm/m/it/10 []\OT1/cmr/m/n/10 )\OML/cmm/m/it/10 ; \OT1/cmr/m/n/10 (\OML/cmm/m/it/10 n[]\OT1/cmr/m/n/10 ))) \OMS/cmsy/m/n/10 ^^R
 []

[203]
Overfull \hbox (4.29726pt too wide) in paragraph at lines 10197--10200
[]\OT1/cmr/m/sc/10 Proof\OT1/cmr/m/n/10 : This is a con-tra-dic-tion since $\OML/cmm/m/it/10 U\OT1/cmr/m/n/10 (\OML/cmm/m/it/10 x[]\OT1/cmr/m/n/10 ((\OML/cmm/m/it/10 []\OT1/cmr/m/n/10 )\OML/cmm/m/it/10 ; \OT1/cmr/m/n/10 (\OML/cmm/m/it/10 n[]\OT1/cmr/m/n/10 ))\OML/cmm/m/it/10 ; B[]\OT1/cmr/m/n/10 ((\OML/cmm/m/it/10 []\OT1/cmr/m/n/10 )\OML/cmm/m/it/10 ; \OT1/cmr/m/n/10 (\OML/cmm/m/it/10 n[]\OT1/cmr/m/n/10 ))) \OMS/cmsy/m/n/10 ^^R
 []

[204] [205]
WARNING: proof step "i" (<3>1) already defined
[206]
Overfull \hbox (23.81165pt too wide) in paragraph at lines 10421--10421
[]\OT1/cmr/m/sc/10 Pick \OT1/cmr/m/n/10 a se-quence $(\OML/cmm/m/it/10 V[]\OT1/cmr/m/n/10 )$ such that $\OMS/cmsy/m/n/10 8\OML/cmm/m/it/10 n:[] \OMS/cmsy/m/n/10 ^^R \OML/cmm/m/it/10 U[]$ \OT1/cmr/m/n/10 and $\OMS/cmsy/m/n/10 8\OML/cmm/m/it/10 n:\OT1/cmr/m/n/10 (\OML/cmm/m/it/10 V[]; [] ; V[]; U[]; U[]; []\OT1/cmr/m/n/10 )$
 []

[207] [208] [209]
WARNING: proof step "iii" (<3>4) already defined
[210] [211] [212] [213] [214] [215]
Overfull \hbox (22.189pt too wide) in paragraph at lines 11032--11032
[]\OT1/cmr/m/n/10 Define $\OML/cmm/m/it/10 F \OT1/cmr/m/n/10 : \OML/cmm/m/it/10 X \OMS/cmsy/m/n/10 ! \U/msb/m/n/10 R[]$ \OT1/cmr/m/n/10 by $\OML/cmm/m/it/10 F\OT1/cmr/m/n/10 (\OML/cmm/m/it/10 x\OT1/cmr/m/n/10 )$ is the con-cate-na-tion of $(\OML/cmm/m/it/10 ^^^[]\OT1/cmr/m/n/10 (\OML/cmm/m/it/10 x\OT1/cmr/m/n/10 )\OML/cmm/m/it/10 ; [] ; ^^^[]\OT1/cmr/m/n/10 (\OML/cmm/m/it/10 x\OT1/cmr/m/n/10 ))$
 []

[216]
WARNING: proof step "3" (<1>4) already defined
[217]
WARNING: proof step "i" (<3>1) already defined

Package hyperref Warning: Token not allowed in a PDF string (PDFDocEncoding):
(hyperref)                removing `math shift' on input line 11196.


Package hyperref Warning: Token not allowed in a PDF string (PDFDocEncoding):
(hyperref)                removing `subscript' on input line 11196.


Package hyperref Warning: Token not allowed in a PDF string (PDFDocEncoding):
(hyperref)                removing `\sigma' on input line 11196.


Package hyperref Warning: Token not allowed in a PDF string (PDFDocEncoding):
(hyperref)                removing `math shift' on input line 11196.

[218] [219] [220]
WARNING: proof step "f" (<2>7) already defined
WARNING: proof step "i" (<3>1) already defined
WARNING: proof step "i" (<3>1) already defined
WARNING: proof step "g" (<2>8) already defined
[221]
Overfull \hbox (7.3059pt too wide) in paragraph at lines 11393--11393
[]$\OMS/cmsy/m/n/10 f\OML/cmm/m/it/10 U[]X \OMS/cmsy/m/n/10 j \OML/cmm/m/it/10 U[]\OMS/cmsy/m/n/10 Bg$ \OT1/cmr/m/n/10 is an open
 []


Overfull \hbox (144.49898pt too wide) in paragraph at lines 11396--11396
[]\OT1/cmr/m/sc/10 Pick \OT1/cmr/m/n/10 a lo-cally fi-nite closed re-fine-ment $\OMS/cmsy/m/n/10 C$ \OT1/cmr/m/n/10 of $\OMS/cmsy/m/n/10 f\OML/cmm/m/it/10 U[]X \OMS/cmsy/m/n/10 j \OML/cmm/m/it/10 U[]\OMS/cmsy/m/n/10 Bg$
 []

WARNING: proof step "i" (<3>1) already defined
[222] [223] [224]
WARNING: proof step "8" (<1>9) already defined
[225]
Overfull \hbox (45.97597pt too wide) in paragraph at lines 11674--11674
[]\OT1/cmr/m/sc/10 Pick \OT1/cmr/m/n/10 a lo-cally fi-nite closed re-fine-ment $\OMS/cmsy/m/n/10 C$ \OT1/cmr/m/n/10 of $\OMS/cmsy/m/n/10 f\OML/cmm/m/it/10 U[]X \OMS/cmsy/m/n/10 j []\OML/cmm/m/it/10  \OMS/cmsy/m/n/10 2
 []

[226]
Overfull \hbox (0.80804pt too wide) in paragraph at lines 11739--11739
[]$\OMS/cmsy/m/n/10 f\OML/cmm/m/it/10 V[]Y \OMS/cmsy/m/n/10 j \OML/cmm/m/it/10 p[]\OT1/cmr/m/n/10 (\OML/cmm/m/it/10 V\OT1/cmr/m/n/10 )[]\OMS/cmsy/m/n/10 Ag$ \OT1/cmr/m/n/10 is
 []


Overfull \hbox (169.52478pt too wide) in paragraph at lines 11743--11743
[]\OT1/cmr/m/sc/10 Pick \OT1/cmr/m/n/10 a lo-cally fi-nite open re-fine-ment $\OMS/cmsy/m/n/10 B$ \OT1/cmr/m/n/10 of $\OMS/cmsy/m/n/10 f\OML/cmm/m/it/10 V[]Y \OMS/cmsy/m/n/10 j \OML/cmm/m/it/10 p[]\OT1/cmr/m/n/10 (\OML/cmm/m/it/10 V\OT1/cmr/m/n/10 )[]\OMS/cmsy/m/n/10 Ag$ 
 []

[227] [228]
Chapter 12.
[229

]

LaTeX Warning: Reference `theorem:closure_neighbourhood' on page 230 undefined on input line 11892.


LaTeX Warning: Reference `theorem:closure_neighbourhood' on page 230 undefined on input line 11897.

[230]
Overfull \hbox (0.39728pt too wide) in paragraph at lines 12026--12028
[]\OT1/cmr/bx/n/10 Definition 12.1.12 \OT1/cmr/m/n/10 (Sym-met-ric Neigh-bour-hood)\OT1/cmr/bx/n/10 . \OT1/cmr/m/n/10 Let $\OML/cmm/m/it/10 G$ \OT1/cmr/m/n/10 be a topo-log-i-cal group.
 []

[231] [232]
WARNING: proof step "a" (<3>1) already defined
WARNING: proof step "b" (<3>2) already defined
WARNING: proof step "c" (<3>3) already defined
[233] [234]
WARNING: proof step "b" (<2>3) already defined
WARNING: proof step "3" (<1>7) already defined
[235] [236]
WARNING: proof step "8" (<1>9) already defined
[237] [238] [239] [240]
WARNING: proof step "6" (<1>11) already defined
WARNING: proof step "i" (<3>1) already defined
[241]) [242]
\openout2 = `metric.aux'.

 (/home/robin/fun/maths/old/metric.tex
Chapter 13.
[243



] [244] [245]
WARNING: proof step "1" (<1>2) already defined
[246] [247]

LaTeX Warning: Reference `proposition:standard_bounded_metric' on page 248 undefined on input line 380.

[248] [249]
WARNING: proof step "1" (<2>1) already defined
WARNING: proof step "2" (<2>3) already defined
WARNING: proof step "3" (<2>4) already defined
[250] [251]
WARNING: proof step "4" (<2>1) already defined
[252] [253] [254]

LaTeX Warning: Reference `lemma:metrics_same_topology' on page 255 undefined on input line 927.

[255] [256] [257] [258] [259] [260] [261] [262]
WARNING: proof step "a" (<2>3) already defined

Overfull \hbox (2.98419pt too wide) in paragraph at lines 1487--1488
[]\OT1/cmr/bx/n/10 Proposition 13.4.11 \OT1/cmr/m/n/10 (Choice)\OT1/cmr/bx/n/10 . \OT1/cmr/m/it/10 Ev-ery Lin-del^^?of metriz-able space is sec-ond count-
 []

[263] [264] [265]
Overfull \hbox (53.2884pt too wide) detected at line 1650
[]
 []

[266]
WARNING: proof step "f" (<2>7) already defined
[267] [268]

LaTeX Warning: Reference `theorem:closure_neighbourhood' on page 269 undefined on input line 1856.

[269] [270] [271]
Overfull \hbox (13.03685pt too wide) detected at line 2077
[]
 []

[272] [273]
WARNING: proof step "3" (<1>4) already defined
WARNING: proof step "4" (<1>7) already defined
WARNING: proof step "8" (<1>11) already defined
[274] [275] [276]

LaTeX Warning: Reference `corollary:compact_sequentially_compact' on page 277 undefined on input line 2415.

[277]

LaTeX Warning: Reference `corollary:compact_sequentially_compact' on page 278 undefined on input line 2462.

WARNING: proof step "i" (<4>1) already defined
WARNING: proof step "ii" (<4>2) already defined
WARNING: proof step "iii" (<4>3) already defined
WARNING: proof step "iv" (<4>4) already defined
[278]
Overfull \hbox (8.71161pt too wide) in paragraph at lines 2566--2567
[]\OT1/cmr/bx/n/10 Corollary 13.14.3.1. \OT1/cmr/m/it/10 Ev-ery lo-cally metriz-able com-pact Haus-dorff space is metriz-
 []

[279] [280] [281] [282] [283] [284]
Overfull \hbox (5.0891pt too wide) in paragraph at lines 2960--2961
[]\OT1/cmr/m/sc/10 Proof\OT1/cmr/m/n/10 : The se-quence $(1\OML/cmm/m/it/10 ; \OT1/cmr/m/n/10 1\OML/cmm/m/it/10 :\OT1/cmr/m/n/10 4\OML/cmm/m/it/10 ; \OT1/cmr/m/n/10 1\OML/cmm/m/it/10 :\OT1/cmr/m/n/10 41\OML/cmm/m/it/10 ; []\OT1/cmr/m/n/10 )$ of dec-i-mal ap-prox-i-ma-tions to $[]$ is Cauchy
 []

[285]
WARNING: proof step "e" (<2>6) already defined
[286]
WARNING: proof step "d" (<2>5) already defined

Overfull \hbox (60.0619pt too wide) detected at line 3119
[]
 []

[287] [288]
WARNING: proof step "2" (<1>3) already defined
[289] [290]

LaTeX Font Warning: Font shape `OT1/cmr/m/scit' undefined
(Font)              using `OT1/cmr/m/sc' instead on input line 3338.


LaTeX Warning: Reference `proposition:closed_subspace_topologically_complete' on page 291 undefined on input line 3377.

[291] [292]
Overfull \hbox (4.13953pt too wide) in paragraph at lines 3536--3537
[]\OT1/cmr/m/n/10 The fol-low-ing ex-am-ple shows that not ev-ery to-tally bounded space is bounded. 
 []

[293]
WARNING: proof step "3" (<1>4) already defined
WARNING: proof step "4" (<1>6) already defined
[294] [295]
Overfull \hbox (19.33342pt too wide) in paragraph at lines 3696--3696
[]\OT1/cmr/m/sc/10 Pick \OT1/cmr/m/n/10 an open neigh-bour-hood $\OML/cmm/m/it/10 U$ \OT1/cmr/m/n/10 of $\OML/cmm/m/it/10 x[]$ \OT1/cmr/m/n/10 such that $\OMS/cmsy/m/n/10 8\OML/cmm/m/it/10 i \OMS/cmsy/m/n/10 ^^T \OML/cmm/m/it/10 N:\OMS/cmsy/m/n/10 8\OML/cmm/m/it/10 x \OMS/cmsy/m/n/10 2 \OML/cmm/m/it/10 U:d\OT1/cmr/m/n/10 (\OML/cmm/m/it/10 f[]\OT1/cmr/m/n/10 (\OML/cmm/m/it/10 x\OT1/cmr/m/n/10 )\OML/cmm/m/it/10 ; f\OT1/cmr/m/n/10 (\OML/cmm/m/it/10 x\OT1/cmr/m/n/10 )) \OML/cmm/m/it/10 <
 []

[296]
Overfull \hbox (32.59381pt too wide) in paragraph at lines 3775--3775
[]\OT1/cmr/m/sc/10 Pick \OT1/cmr/m/n/10 an open neigh-bour-hood $\OML/cmm/m/it/10 U$ \OT1/cmr/m/n/10 of $\OML/cmm/m/it/10 x[]$ \OT1/cmr/m/n/10 such that $\OMS/cmsy/m/n/10 8\OML/cmm/m/it/10 x \OMS/cmsy/m/n/10 2 \OML/cmm/m/it/10 U:\OMS/cmsy/m/n/10 8\OML/cmm/m/it/10 f \OMS/cmsy/m/n/10 2 F\OML/cmm/m/it/10 :d\OT1/cmr/m/n/10 (\OML/cmm/m/it/10 f\OT1/cmr/m/n/10 (\OML/cmm/m/it/10 x\OT1/cmr/m/n/10 )\OML/cmm/m/it/10 ; f\OT1/cmr/m/n/10 (\OML/cmm/m/it/10 x[]\OT1/cmr/m/n/10 )) \OML/cmm/m/it/10 <
 []

[297] [298] [299] [300] [301] [302] [303]
Overfull \hbox (33.70216pt too wide) in paragraph at lines 4248--4251
\OT1/cmr/m/n/10 the topol-ogy gen-er-ated by the ba-sis $\OMS/cmsy/m/n/10 B \OT1/cmr/m/n/10 = \OMS/cmsy/m/n/10 f\OML/cmm/m/it/10 B[]\OT1/cmr/m/n/10 (\OML/cmm/m/it/10 f; ^^O\OT1/cmr/m/n/10 ) \OMS/cmsy/m/n/10 j \OML/cmm/m/it/10 C \OMS/cmsy/m/n/10 ^^R \OML/cmm/m/it/10 X[]; f \OMS/cmsy/m/n/10 2
 []

[304] [305]
WARNING: proof step "2" (<1>3) already defined
[306] [307]
Chapter 14.
) [308

]
Package atveryend Info: Empty hook `BeforeClearDocument' on input line 82.
Package atveryend Info: Empty hook `AfterLastShipout' on input line 82.
 (/home/robin/fun/maths/old/notes.aux (/home/robin/fun/maths/old/set.aux) (/home/robin/fun/maths/old/order.aux) (/home/robin/fun/maths/old/number.aux) (/home/robin/fun/maths/old/analysis.aux) (/home/robin/fun/maths/old/group.aux) (/home/robin/fun/maths/old/topology.aux) (/home/robin/fun/maths/old/metric.aux))
Package atveryend Info: Executing hook `AtVeryEndDocument' on input line 82.
Package atveryend Info: Executing hook `AtEndAfterFileList' on input line 82.
Package rerunfilecheck Info: File `notes.out' has not changed.
(rerunfilecheck)             Checksum: 7ACB5D23D40780BE8411092E4E6632A8;13500.


LaTeX Warning: There were undefined references.

Package atveryend Info: Empty hook `AtVeryVeryEnd' on input line 82.
 ) 
Here is how much of TeX's memory you used:
 8519 strings out of 481239
 123044 string characters out of 5920377
 369790 words of memory out of 5000000
 21688 multiletter control sequences out of 15000+600000
 544959 words of font info for 71 fonts, out of 8000000 for 9000
 1141 hyphenation exceptions out of 8191
 34i,14n,35p,269b,649s stack positions out of 5000i,500n,10000p,200000b,80000s
{/usr/share/texmf/fonts/enc/dvips/cm-super/cm-super-ts1.enc}</usr/share/texmf/fonts/type1/public/amsfonts/cm/cmbx10.pfb></usr/share/texmf/fonts/type1/public/amsfonts/cm/cmbx12.pfb></usr/share/texmf/fonts/type1/public/amsfonts/cm/cmbx7.pfb></usr/share/texmf/fonts/type1/public/amsfonts/cm/cmcsc10.pfb></usr/share/texmf/fonts/type1/public/amsfonts/cm/cmex10.pfb></usr/share/texmf/fonts/type1/public/amsfonts/cm/cmmi10.pfb></usr/share/texmf/fonts/type1/public/amsfonts/cm/cmmi12.pfb></usr/share/texmf/fonts/type1/public/amsfonts/cm/cmmi5.pfb></usr/share/texmf/fonts/type1/public/amsfonts/cm/cmmi7.pfb></usr/share/texmf/fonts/type1/public/amsfonts/cm/cmr10.pfb></usr/share/texmf/fonts/type1/public/amsfonts/cm/cmr12.pfb></usr/share/texmf/fonts/type1/public/amsfonts/cm/cmr17.pfb></usr/share/texmf/fonts/type1/public/amsfonts/cm/cmr5.pfb></usr/share/texmf/fonts/type1/public/amsfonts/cm/cmr7.pfb></usr/share/texmf/fonts/type1/public/amsfonts/cm/cmsy10.pfb></usr/share/texmf/fonts/type1/public/amsfonts/cm/cmsy5.pfb></usr/share/texmf/fonts/type1/public/amsfonts/cm/cmsy7.pfb></usr/share/texmf/fonts/type1/public/amsfonts/cm/cmti10.pfb></usr/share/texmf/fonts/type1/public/amsfonts/symbols/msam10.pfb></usr/share/texmf/fonts/type1/public/amsfonts/symbols/msam7.pfb></usr/share/texmf/fonts/type1/public/amsfonts/symbols/msbm10.pfb></usr/share/texmf/fonts/type1/public/amsfonts/symbols/msbm7.pfb></usr/share/texmf/fonts/type1/public/cm-super/sfrm1000.pfb>
Output written on /home/robin/fun/maths/old/notes.pdf (309 pages, 1142865 bytes).
PDF statistics:
 4763 PDF objects out of 5155 (max. 8388607)
 4342 compressed objects within 44 object streams
 1958 named destinations out of 2073 (max. 500000)
 1665 words of extra memory for PDF output out of 10000 (max. 10000000)

